Compiling the C compiler identification source file "CMakeCCompilerId.c" failed.
Compiler: /home/y3t/RinoRobocup/SPL-Robogel/softwares/ctc-linux64-atom-2.8.5.10/yocto-sdk/sysroots/x86_64-naoqisdk-linux/usr/bin/i686-sbr-linux/i686-sbr-linux-gcc 
Build flags: 
Id flags:  

The output was:
No such file or directory


Compiling the C compiler identification source file "CMakeCCompilerId.c" failed.
Compiler: /home/y3t/RinoRobocup/SPL-Robogel/softwares/ctc-linux64-atom-2.8.5.10/yocto-sdk/sysroots/x86_64-naoqisdk-linux/usr/bin/i686-sbr-linux/i686-sbr-linux-gcc 
Build flags: 
Id flags: -c 

The output was:
No such file or directory


Compiling the C compiler identification source file "CMakeCCompilerId.c" failed.
Compiler: /home/y3t/RinoRobocup/SPL-Robogel/softwares/ctc-linux64-atom-2.8.5.10/yocto-sdk/sysroots/x86_64-naoqisdk-linux/usr/bin/i686-sbr-linux/i686-sbr-linux-gcc 
Build flags: 
Id flags: -Aa 

The output was:
No such file or directory


Compiling the C compiler identification source file "CMakeCCompilerId.c" failed.
Compiler: /home/y3t/RinoRobocup/SPL-Robogel/softwares/ctc-linux64-atom-2.8.5.10/yocto-sdk/sysroots/x86_64-naoqisdk-linux/usr/bin/i686-sbr-linux/i686-sbr-linux-gcc 
Build flags: 
Id flags: -D__CLASSIC_C__ 

The output was:
No such file or directory


Compiling the C compiler identification source file "CMakeCCompilerId.c" failed.
Compiler: /home/y3t/RinoRobocup/SPL-Robogel/softwares/ctc-linux64-atom-2.8.5.10/yocto-sdk/sysroots/x86_64-naoqisdk-linux/usr/bin/i686-sbr-linux/i686-sbr-linux-gcc 
Build flags: 
Id flags: --target=arm-arm-none-eabi;-mcpu=cortex-m3 

The output was:
No such file or directory


Compiling the C compiler identification source file "CMakeCCompilerId.c" failed.
Compiler: /home/y3t/RinoRobocup/SPL-Robogel/softwares/ctc-linux64-atom-2.8.5.10/yocto-sdk/sysroots/x86_64-naoqisdk-linux/usr/bin/i686-sbr-linux/i686-sbr-linux-gcc 
Build flags: 
Id flags: -c;-I__does_not_exist__ 

The output was:
No such file or directory


Compiling the C compiler identification source file "CMakeCCompilerId.c" failed.
Compiler: /home/y3t/RinoRobocup/SPL-Robogel/softwares/ctc-linux64-atom-2.8.5.10/yocto-sdk/sysroots/x86_64-naoqisdk-linux/usr/bin/i686-sbr-linux/i686-sbr-linux-gcc 
Build flags: 
Id flags:  

The output was:
No such file or directory


Compiling the C compiler identification source file "CMakeCCompilerId.c" failed.
Compiler: /home/y3t/RinoRobocup/SPL-Robogel/softwares/ctc-linux64-atom-2.8.5.10/yocto-sdk/sysroots/x86_64-naoqisdk-linux/usr/bin/i686-sbr-linux/i686-sbr-linux-gcc 
Build flags: 
Id flags: -c 

The output was:
No such file or directory


Compiling the C compiler identification source file "CMakeCCompilerId.c" failed.
Compiler: /home/y3t/RinoRobocup/SPL-Robogel/softwares/ctc-linux64-atom-2.8.5.10/yocto-sdk/sysroots/x86_64-naoqisdk-linux/usr/bin/i686-sbr-linux/i686-sbr-linux-gcc 
Build flags: 
Id flags: -Aa 

The output was:
No such file or directory


Compiling the C compiler identification source file "CMakeCCompilerId.c" failed.
Compiler: /home/y3t/RinoRobocup/SPL-Robogel/softwares/ctc-linux64-atom-2.8.5.10/yocto-sdk/sysroots/x86_64-naoqisdk-linux/usr/bin/i686-sbr-linux/i686-sbr-linux-gcc 
Build flags: 
Id flags: -D__CLASSIC_C__ 

The output was:
No such file or directory


Compiling the C compiler identification source file "CMakeCCompilerId.c" failed.
Compiler: /home/y3t/RinoRobocup/SPL-Robogel/softwares/ctc-linux64-atom-2.8.5.10/yocto-sdk/sysroots/x86_64-naoqisdk-linux/usr/bin/i686-sbr-linux/i686-sbr-linux-gcc 
Build flags: 
Id flags: --target=arm-arm-none-eabi;-mcpu=cortex-m3 

The output was:
No such file or directory


Compiling the C compiler identification source file "CMakeCCompilerId.c" failed.
Compiler: /home/y3t/RinoRobocup/SPL-Robogel/softwares/ctc-linux64-atom-2.8.5.10/yocto-sdk/sysroots/x86_64-naoqisdk-linux/usr/bin/i686-sbr-linux/i686-sbr-linux-gcc 
Build flags: 
Id flags: -c;-I__does_not_exist__ 

The output was:
No such file or directory


Checking whether the C compiler is IAR using "" did not match "IAR .+ Compiler":
Checking whether the C compiler is IAR using "" did not match "IAR .+ Compiler":
Compiling the CXX compiler identification source file "CMakeCXXCompilerId.cpp" failed.
Compiler: /home/y3t/RinoRobocup/SPL-Robogel/softwares/ctc-linux64-atom-2.8.5.10/yocto-sdk/sysroots/x86_64-naoqisdk-linux/usr/bin/i686-sbr-linux/i686-sbr-linux-g++ 
Build flags: 
Id flags:  

The output was:
No such file or directory


Compiling the CXX compiler identification source file "CMakeCXXCompilerId.cpp" failed.
Compiler: /home/y3t/RinoRobocup/SPL-Robogel/softwares/ctc-linux64-atom-2.8.5.10/yocto-sdk/sysroots/x86_64-naoqisdk-linux/usr/bin/i686-sbr-linux/i686-sbr-linux-g++ 
Build flags: 
Id flags: -c 

The output was:
No such file or directory


Compiling the CXX compiler identification source file "CMakeCXXCompilerId.cpp" failed.
Compiler: /home/y3t/RinoRobocup/SPL-Robogel/softwares/ctc-linux64-atom-2.8.5.10/yocto-sdk/sysroots/x86_64-naoqisdk-linux/usr/bin/i686-sbr-linux/i686-sbr-linux-g++ 
Build flags: 
Id flags: --c++ 

The output was:
No such file or directory


Compiling the CXX compiler identification source file "CMakeCXXCompilerId.cpp" failed.
Compiler: /home/y3t/RinoRobocup/SPL-Robogel/softwares/ctc-linux64-atom-2.8.5.10/yocto-sdk/sysroots/x86_64-naoqisdk-linux/usr/bin/i686-sbr-linux/i686-sbr-linux-g++ 
Build flags: 
Id flags: --ec++ 

The output was:
No such file or directory


Compiling the CXX compiler identification source file "CMakeCXXCompilerId.cpp" failed.
Compiler: /home/y3t/RinoRobocup/SPL-Robogel/softwares/ctc-linux64-atom-2.8.5.10/yocto-sdk/sysroots/x86_64-naoqisdk-linux/usr/bin/i686-sbr-linux/i686-sbr-linux-g++ 
Build flags: 
Id flags: --target=arm-arm-none-eabi;-mcpu=cortex-m3 

The output was:
No such file or directory


Compiling the CXX compiler identification source file "CMakeCXXCompilerId.cpp" failed.
Compiler: /home/y3t/RinoRobocup/SPL-Robogel/softwares/ctc-linux64-atom-2.8.5.10/yocto-sdk/sysroots/x86_64-naoqisdk-linux/usr/bin/i686-sbr-linux/i686-sbr-linux-g++ 
Build flags: 
Id flags: -c;-I__does_not_exist__ 

The output was:
No such file or directory


Compiling the CXX compiler identification source file "CMakeCXXCompilerId.cpp" failed.
Compiler: /home/y3t/RinoRobocup/SPL-Robogel/softwares/ctc-linux64-atom-2.8.5.10/yocto-sdk/sysroots/x86_64-naoqisdk-linux/usr/bin/i686-sbr-linux/i686-sbr-linux-g++ 
Build flags: 
Id flags:  

The output was:
No such file or directory


Compiling the CXX compiler identification source file "CMakeCXXCompilerId.cpp" failed.
Compiler: /home/y3t/RinoRobocup/SPL-Robogel/softwares/ctc-linux64-atom-2.8.5.10/yocto-sdk/sysroots/x86_64-naoqisdk-linux/usr/bin/i686-sbr-linux/i686-sbr-linux-g++ 
Build flags: 
Id flags: -c 

The output was:
No such file or directory


Compiling the CXX compiler identification source file "CMakeCXXCompilerId.cpp" failed.
Compiler: /home/y3t/RinoRobocup/SPL-Robogel/softwares/ctc-linux64-atom-2.8.5.10/yocto-sdk/sysroots/x86_64-naoqisdk-linux/usr/bin/i686-sbr-linux/i686-sbr-linux-g++ 
Build flags: 
Id flags: --c++ 

The output was:
No such file or directory


Compiling the CXX compiler identification source file "CMakeCXXCompilerId.cpp" failed.
Compiler: /home/y3t/RinoRobocup/SPL-Robogel/softwares/ctc-linux64-atom-2.8.5.10/yocto-sdk/sysroots/x86_64-naoqisdk-linux/usr/bin/i686-sbr-linux/i686-sbr-linux-g++ 
Build flags: 
Id flags: --ec++ 

The output was:
No such file or directory


Compiling the CXX compiler identification source file "CMakeCXXCompilerId.cpp" failed.
Compiler: /home/y3t/RinoRobocup/SPL-Robogel/softwares/ctc-linux64-atom-2.8.5.10/yocto-sdk/sysroots/x86_64-naoqisdk-linux/usr/bin/i686-sbr-linux/i686-sbr-linux-g++ 
Build flags: 
Id flags: --target=arm-arm-none-eabi;-mcpu=cortex-m3 

The output was:
No such file or directory


Compiling the CXX compiler identification source file "CMakeCXXCompilerId.cpp" failed.
Compiler: /home/y3t/RinoRobocup/SPL-Robogel/softwares/ctc-linux64-atom-2.8.5.10/yocto-sdk/sysroots/x86_64-naoqisdk-linux/usr/bin/i686-sbr-linux/i686-sbr-linux-g++ 
Build flags: 
Id flags: -c;-I__does_not_exist__ 

The output was:
No such file or directory


Checking whether the CXX compiler is IAR using "" did not match "IAR .+ Compiler":
Checking whether the CXX compiler is IAR using "" did not match "IAR .+ Compiler":
Compiling the C compiler identification source file "CMakeCCompilerId.c" failed.
Compiler: /home/y3t/RinoRobocup/SPL-Robogel/softwares/ctc-linux64-atom-2.8.5.10/yocto-sdk/sysroots/x86_64-naoqisdk-linux/usr/bin/i686-sbr-linux/i686-sbr-linux-gcc 
Build flags: 
Id flags:  

The output was:
No such file or directory


Compiling the C compiler identification source file "CMakeCCompilerId.c" failed.
Compiler: /home/y3t/RinoRobocup/SPL-Robogel/softwares/ctc-linux64-atom-2.8.5.10/yocto-sdk/sysroots/x86_64-naoqisdk-linux/usr/bin/i686-sbr-linux/i686-sbr-linux-gcc 
Build flags: 
Id flags: -c 

The output was:
No such file or directory


Compiling the C compiler identification source file "CMakeCCompilerId.c" failed.
Compiler: /home/y3t/RinoRobocup/SPL-Robogel/softwares/ctc-linux64-atom-2.8.5.10/yocto-sdk/sysroots/x86_64-naoqisdk-linux/usr/bin/i686-sbr-linux/i686-sbr-linux-gcc 
Build flags: 
Id flags: -Aa 

The output was:
No such file or directory


Compiling the C compiler identification source file "CMakeCCompilerId.c" failed.
Compiler: /home/y3t/RinoRobocup/SPL-Robogel/softwares/ctc-linux64-atom-2.8.5.10/yocto-sdk/sysroots/x86_64-naoqisdk-linux/usr/bin/i686-sbr-linux/i686-sbr-linux-gcc 
Build flags: 
Id flags: -D__CLASSIC_C__ 

The output was:
No such file or directory


Compiling the C compiler identification source file "CMakeCCompilerId.c" failed.
Compiler: /home/y3t/RinoRobocup/SPL-Robogel/softwares/ctc-linux64-atom-2.8.5.10/yocto-sdk/sysroots/x86_64-naoqisdk-linux/usr/bin/i686-sbr-linux/i686-sbr-linux-gcc 
Build flags: 
Id flags: --target=arm-arm-none-eabi;-mcpu=cortex-m3 

The output was:
No such file or directory


Compiling the C compiler identification source file "CMakeCCompilerId.c" failed.
Compiler: /home/y3t/RinoRobocup/SPL-Robogel/softwares/ctc-linux64-atom-2.8.5.10/yocto-sdk/sysroots/x86_64-naoqisdk-linux/usr/bin/i686-sbr-linux/i686-sbr-linux-gcc 
Build flags: 
Id flags: -c;-I__does_not_exist__ 

The output was:
No such file or directory


Compiling the C compiler identification source file "CMakeCCompilerId.c" failed.
Compiler: /home/y3t/RinoRobocup/SPL-Robogel/softwares/ctc-linux64-atom-2.8.5.10/yocto-sdk/sysroots/x86_64-naoqisdk-linux/usr/bin/i686-sbr-linux/i686-sbr-linux-gcc 
Build flags: 
Id flags:  

The output was:
No such file or directory


Compiling the C compiler identification source file "CMakeCCompilerId.c" failed.
Compiler: /home/y3t/RinoRobocup/SPL-Robogel/softwares/ctc-linux64-atom-2.8.5.10/yocto-sdk/sysroots/x86_64-naoqisdk-linux/usr/bin/i686-sbr-linux/i686-sbr-linux-gcc 
Build flags: 
Id flags: -c 

The output was:
No such file or directory


Compiling the C compiler identification source file "CMakeCCompilerId.c" failed.
Compiler: /home/y3t/RinoRobocup/SPL-Robogel/softwares/ctc-linux64-atom-2.8.5.10/yocto-sdk/sysroots/x86_64-naoqisdk-linux/usr/bin/i686-sbr-linux/i686-sbr-linux-gcc 
Build flags: 
Id flags: -Aa 

The output was:
No such file or directory


Compiling the C compiler identification source file "CMakeCCompilerId.c" failed.
Compiler: /home/y3t/RinoRobocup/SPL-Robogel/softwares/ctc-linux64-atom-2.8.5.10/yocto-sdk/sysroots/x86_64-naoqisdk-linux/usr/bin/i686-sbr-linux/i686-sbr-linux-gcc 
Build flags: 
Id flags: -D__CLASSIC_C__ 

The output was:
No such file or directory


Compiling the C compiler identification source file "CMakeCCompilerId.c" failed.
Compiler: /home/y3t/RinoRobocup/SPL-Robogel/softwares/ctc-linux64-atom-2.8.5.10/yocto-sdk/sysroots/x86_64-naoqisdk-linux/usr/bin/i686-sbr-linux/i686-sbr-linux-gcc 
Build flags: 
Id flags: --target=arm-arm-none-eabi;-mcpu=cortex-m3 

The output was:
No such file or directory


Compiling the C compiler identification source file "CMakeCCompilerId.c" failed.
Compiler: /home/y3t/RinoRobocup/SPL-Robogel/softwares/ctc-linux64-atom-2.8.5.10/yocto-sdk/sysroots/x86_64-naoqisdk-linux/usr/bin/i686-sbr-linux/i686-sbr-linux-gcc 
Build flags: 
Id flags: -c;-I__does_not_exist__ 

The output was:
No such file or directory


Checking whether the C compiler is IAR using "" did not match "IAR .+ Compiler":
Checking whether the C compiler is IAR using "" did not match "IAR .+ Compiler":
Compiling the CXX compiler identification source file "CMakeCXXCompilerId.cpp" failed.
Compiler: /home/y3t/RinoRobocup/SPL-Robogel/softwares/ctc-linux64-atom-2.8.5.10/yocto-sdk/sysroots/x86_64-naoqisdk-linux/usr/bin/i686-sbr-linux/i686-sbr-linux-g++ 
Build flags: 
Id flags:  

The output was:
No such file or directory


Compiling the CXX compiler identification source file "CMakeCXXCompilerId.cpp" failed.
Compiler: /home/y3t/RinoRobocup/SPL-Robogel/softwares/ctc-linux64-atom-2.8.5.10/yocto-sdk/sysroots/x86_64-naoqisdk-linux/usr/bin/i686-sbr-linux/i686-sbr-linux-g++ 
Build flags: 
Id flags: -c 

The output was:
No such file or directory


Compiling the CXX compiler identification source file "CMakeCXXCompilerId.cpp" failed.
Compiler: /home/y3t/RinoRobocup/SPL-Robogel/softwares/ctc-linux64-atom-2.8.5.10/yocto-sdk/sysroots/x86_64-naoqisdk-linux/usr/bin/i686-sbr-linux/i686-sbr-linux-g++ 
Build flags: 
Id flags: --c++ 

The output was:
No such file or directory


Compiling the CXX compiler identification source file "CMakeCXXCompilerId.cpp" failed.
Compiler: /home/y3t/RinoRobocup/SPL-Robogel/softwares/ctc-linux64-atom-2.8.5.10/yocto-sdk/sysroots/x86_64-naoqisdk-linux/usr/bin/i686-sbr-linux/i686-sbr-linux-g++ 
Build flags: 
Id flags: --ec++ 

The output was:
No such file or directory


Compiling the CXX compiler identification source file "CMakeCXXCompilerId.cpp" failed.
Compiler: /home/y3t/RinoRobocup/SPL-Robogel/softwares/ctc-linux64-atom-2.8.5.10/yocto-sdk/sysroots/x86_64-naoqisdk-linux/usr/bin/i686-sbr-linux/i686-sbr-linux-g++ 
Build flags: 
Id flags: --target=arm-arm-none-eabi;-mcpu=cortex-m3 

The output was:
No such file or directory


Compiling the CXX compiler identification source file "CMakeCXXCompilerId.cpp" failed.
Compiler: /home/y3t/RinoRobocup/SPL-Robogel/softwares/ctc-linux64-atom-2.8.5.10/yocto-sdk/sysroots/x86_64-naoqisdk-linux/usr/bin/i686-sbr-linux/i686-sbr-linux-g++ 
Build flags: 
Id flags: -c;-I__does_not_exist__ 

The output was:
No such file or directory


Compiling the CXX compiler identification source file "CMakeCXXCompilerId.cpp" failed.
Compiler: /home/y3t/RinoRobocup/SPL-Robogel/softwares/ctc-linux64-atom-2.8.5.10/yocto-sdk/sysroots/x86_64-naoqisdk-linux/usr/bin/i686-sbr-linux/i686-sbr-linux-g++ 
Build flags: 
Id flags:  

The output was:
No such file or directory


Compiling the CXX compiler identification source file "CMakeCXXCompilerId.cpp" failed.
Compiler: /home/y3t/RinoRobocup/SPL-Robogel/softwares/ctc-linux64-atom-2.8.5.10/yocto-sdk/sysroots/x86_64-naoqisdk-linux/usr/bin/i686-sbr-linux/i686-sbr-linux-g++ 
Build flags: 
Id flags: -c 

The output was:
No such file or directory


Compiling the CXX compiler identification source file "CMakeCXXCompilerId.cpp" failed.
Compiler: /home/y3t/RinoRobocup/SPL-Robogel/softwares/ctc-linux64-atom-2.8.5.10/yocto-sdk/sysroots/x86_64-naoqisdk-linux/usr/bin/i686-sbr-linux/i686-sbr-linux-g++ 
Build flags: 
Id flags: --c++ 

The output was:
No such file or directory


Compiling the CXX compiler identification source file "CMakeCXXCompilerId.cpp" failed.
Compiler: /home/y3t/RinoRobocup/SPL-Robogel/softwares/ctc-linux64-atom-2.8.5.10/yocto-sdk/sysroots/x86_64-naoqisdk-linux/usr/bin/i686-sbr-linux/i686-sbr-linux-g++ 
Build flags: 
Id flags: --ec++ 

The output was:
No such file or directory


Compiling the CXX compiler identification source file "CMakeCXXCompilerId.cpp" failed.
Compiler: /home/y3t/RinoRobocup/SPL-Robogel/softwares/ctc-linux64-atom-2.8.5.10/yocto-sdk/sysroots/x86_64-naoqisdk-linux/usr/bin/i686-sbr-linux/i686-sbr-linux-g++ 
Build flags: 
Id flags: --target=arm-arm-none-eabi;-mcpu=cortex-m3 

The output was:
No such file or directory


Compiling the CXX compiler identification source file "CMakeCXXCompilerId.cpp" failed.
Compiler: /home/y3t/RinoRobocup/SPL-Robogel/softwares/ctc-linux64-atom-2.8.5.10/yocto-sdk/sysroots/x86_64-naoqisdk-linux/usr/bin/i686-sbr-linux/i686-sbr-linux-g++ 
Build flags: 
Id flags: -c;-I__does_not_exist__ 

The output was:
No such file or directory


Checking whether the CXX compiler is IAR using "" did not match "IAR .+ Compiler":
Checking whether the CXX compiler is IAR using "" did not match "IAR .+ Compiler":
Compiling the C compiler identification source file "CMakeCCompilerId.c" failed.
Compiler: /home/y3t/RinoRobocup/SPL-Robogel/softwares/ctc-linux64-atom-2.8.5.10/yocto-sdk/sysroots/x86_64-naoqisdk-linux/usr/bin/i686-sbr-linux/i686-sbr-linux-gcc 
Build flags: 
Id flags:  

The output was:
1
/home/y3t/RinoRobocup/SPL-Robogel/softwares/ctc-linux64-atom-2.8.5.10/yocto-sdk/sysroots/x86_64-naoqisdk-linux/usr/bin/i686-sbr-linux/../../libexec/i686-sbr-linux/gcc/i686-sbr-linux/5.3.0/real-ld: cannot find crt1.o: No such file or directory
/home/y3t/RinoRobocup/SPL-Robogel/softwares/ctc-linux64-atom-2.8.5.10/yocto-sdk/sysroots/x86_64-naoqisdk-linux/usr/bin/i686-sbr-linux/../../libexec/i686-sbr-linux/gcc/i686-sbr-linux/5.3.0/real-ld: cannot find crti.o: No such file or directory
/home/y3t/RinoRobocup/SPL-Robogel/softwares/ctc-linux64-atom-2.8.5.10/yocto-sdk/sysroots/x86_64-naoqisdk-linux/usr/bin/i686-sbr-linux/../../libexec/i686-sbr-linux/gcc/i686-sbr-linux/5.3.0/real-ld: cannot find crtbegin.o: No such file or directory
/home/y3t/RinoRobocup/SPL-Robogel/softwares/ctc-linux64-atom-2.8.5.10/yocto-sdk/sysroots/x86_64-naoqisdk-linux/usr/bin/i686-sbr-linux/../../libexec/i686-sbr-linux/gcc/i686-sbr-linux/5.3.0/real-ld: cannot find -lgcc
/home/y3t/RinoRobocup/SPL-Robogel/softwares/ctc-linux64-atom-2.8.5.10/yocto-sdk/sysroots/x86_64-naoqisdk-linux/usr/bin/i686-sbr-linux/../../libexec/i686-sbr-linux/gcc/i686-sbr-linux/5.3.0/real-ld: cannot find -lgcc_s
/home/y3t/RinoRobocup/SPL-Robogel/softwares/ctc-linux64-atom-2.8.5.10/yocto-sdk/sysroots/x86_64-naoqisdk-linux/usr/bin/i686-sbr-linux/../../libexec/i686-sbr-linux/gcc/i686-sbr-linux/5.3.0/real-ld: cannot find -lc
/home/y3t/RinoRobocup/SPL-Robogel/softwares/ctc-linux64-atom-2.8.5.10/yocto-sdk/sysroots/x86_64-naoqisdk-linux/usr/bin/i686-sbr-linux/../../libexec/i686-sbr-linux/gcc/i686-sbr-linux/5.3.0/real-ld: cannot find -lgcc
/home/y3t/RinoRobocup/SPL-Robogel/softwares/ctc-linux64-atom-2.8.5.10/yocto-sdk/sysroots/x86_64-naoqisdk-linux/usr/bin/i686-sbr-linux/../../libexec/i686-sbr-linux/gcc/i686-sbr-linux/5.3.0/real-ld: cannot find -lgcc_s
/home/y3t/RinoRobocup/SPL-Robogel/softwares/ctc-linux64-atom-2.8.5.10/yocto-sdk/sysroots/x86_64-naoqisdk-linux/usr/bin/i686-sbr-linux/../../libexec/i686-sbr-linux/gcc/i686-sbr-linux/5.3.0/real-ld: cannot find crtend.o: No such file or directory
/home/y3t/RinoRobocup/SPL-Robogel/softwares/ctc-linux64-atom-2.8.5.10/yocto-sdk/sysroots/x86_64-naoqisdk-linux/usr/bin/i686-sbr-linux/../../libexec/i686-sbr-linux/gcc/i686-sbr-linux/5.3.0/real-ld: cannot find crtn.o: No such file or directory
collect2: error: ld returned 1 exit status


Compiling the CXX compiler identification source file "CMakeCXXCompilerId.cpp" failed.
Compiler: /home/y3t/RinoRobocup/SPL-Robogel/softwares/ctc-linux64-atom-2.8.5.10/yocto-sdk/sysroots/x86_64-naoqisdk-linux/usr/bin/i686-sbr-linux/i686-sbr-linux-g++ 
Build flags: 
Id flags:  

The output was:
1
/home/y3t/RinoRobocup/SPL-Robogel/softwares/ctc-linux64-atom-2.8.5.10/yocto-sdk/sysroots/x86_64-naoqisdk-linux/usr/bin/i686-sbr-linux/../../libexec/i686-sbr-linux/gcc/i686-sbr-linux/5.3.0/real-ld: cannot find crt1.o: No such file or directory
/home/y3t/RinoRobocup/SPL-Robogel/softwares/ctc-linux64-atom-2.8.5.10/yocto-sdk/sysroots/x86_64-naoqisdk-linux/usr/bin/i686-sbr-linux/../../libexec/i686-sbr-linux/gcc/i686-sbr-linux/5.3.0/real-ld: cannot find crti.o: No such file or directory
/home/y3t/RinoRobocup/SPL-Robogel/softwares/ctc-linux64-atom-2.8.5.10/yocto-sdk/sysroots/x86_64-naoqisdk-linux/usr/bin/i686-sbr-linux/../../libexec/i686-sbr-linux/gcc/i686-sbr-linux/5.3.0/real-ld: cannot find crtbegin.o: No such file or directory
/home/y3t/RinoRobocup/SPL-Robogel/softwares/ctc-linux64-atom-2.8.5.10/yocto-sdk/sysroots/x86_64-naoqisdk-linux/usr/bin/i686-sbr-linux/../../libexec/i686-sbr-linux/gcc/i686-sbr-linux/5.3.0/real-ld: cannot find -lstdc++
/home/y3t/RinoRobocup/SPL-Robogel/softwares/ctc-linux64-atom-2.8.5.10/yocto-sdk/sysroots/x86_64-naoqisdk-linux/usr/bin/i686-sbr-linux/../../libexec/i686-sbr-linux/gcc/i686-sbr-linux/5.3.0/real-ld: cannot find -lm
/home/y3t/RinoRobocup/SPL-Robogel/softwares/ctc-linux64-atom-2.8.5.10/yocto-sdk/sysroots/x86_64-naoqisdk-linux/usr/bin/i686-sbr-linux/../../libexec/i686-sbr-linux/gcc/i686-sbr-linux/5.3.0/real-ld: cannot find -lgcc_s
/home/y3t/RinoRobocup/SPL-Robogel/softwares/ctc-linux64-atom-2.8.5.10/yocto-sdk/sysroots/x86_64-naoqisdk-linux/usr/bin/i686-sbr-linux/../../libexec/i686-sbr-linux/gcc/i686-sbr-linux/5.3.0/real-ld: cannot find -lgcc
/home/y3t/RinoRobocup/SPL-Robogel/softwares/ctc-linux64-atom-2.8.5.10/yocto-sdk/sysroots/x86_64-naoqisdk-linux/usr/bin/i686-sbr-linux/../../libexec/i686-sbr-linux/gcc/i686-sbr-linux/5.3.0/real-ld: cannot find -lc
/home/y3t/RinoRobocup/SPL-Robogel/softwares/ctc-linux64-atom-2.8.5.10/yocto-sdk/sysroots/x86_64-naoqisdk-linux/usr/bin/i686-sbr-linux/../../libexec/i686-sbr-linux/gcc/i686-sbr-linux/5.3.0/real-ld: cannot find -lgcc_s
/home/y3t/RinoRobocup/SPL-Robogel/softwares/ctc-linux64-atom-2.8.5.10/yocto-sdk/sysroots/x86_64-naoqisdk-linux/usr/bin/i686-sbr-linux/../../libexec/i686-sbr-linux/gcc/i686-sbr-linux/5.3.0/real-ld: cannot find -lgcc
/home/y3t/RinoRobocup/SPL-Robogel/softwares/ctc-linux64-atom-2.8.5.10/yocto-sdk/sysroots/x86_64-naoqisdk-linux/usr/bin/i686-sbr-linux/../../libexec/i686-sbr-linux/gcc/i686-sbr-linux/5.3.0/real-ld: cannot find crtend.o: No such file or directory
/home/y3t/RinoRobocup/SPL-Robogel/softwares/ctc-linux64-atom-2.8.5.10/yocto-sdk/sysroots/x86_64-naoqisdk-linux/usr/bin/i686-sbr-linux/../../libexec/i686-sbr-linux/gcc/i686-sbr-linux/5.3.0/real-ld: cannot find crtn.o: No such file or directory
collect2: error: ld returned 1 exit status


